<?xml version="1.0" encoding="UTF-8"?>
<testng-results ignored="0" total="3" passed="2" failed="1" skipped="0">
  <reporter-output>
  </reporter-output>
  <suite started-at="2019-08-12T05:26:31Z" name="Default suite" finished-at="2019-08-12T05:27:53Z" duration-ms="81412">
    <groups>
    </groups>
    <test started-at="2019-08-12T05:26:31Z" name="Default test" finished-at="2019-08-12T05:27:53Z" duration-ms="81412">
      <class name="com.kayak.AutomationProject.Test_Search">
        <test-method is-config="true" signature="initiateDriver()[pri:0, instance:com.kayak.AutomationProject.Test_Search@1f59a598]" started-at="2019-08-12T05:26:32Z" name="initiateDriver" finished-at="2019-08-12T05:26:40Z" duration-ms="8299" status="PASS">
          <reporter-output>
          </reporter-output>
        </test-method> <!-- initiateDriver -->
        <test-method signature="TestSearch(java.lang.String, java.lang.String, java.lang.String, java.lang.String, java.lang.String, java.lang.String)[pri:0, instance:com.kayak.AutomationProject.Test_Search@1f59a598]" started-at="2019-08-12T05:26:40Z" name="TestSearch" data-provider="getDataForSearch" finished-at="2019-08-12T05:27:01Z" duration-ms="21099" status="PASS">
          <params>
            <param index="0">
              <value>
                <![CDATA[Oakland]]>
              </value>
            </param>
            <param index="1">
              <value>
                <![CDATA[TRUE]]>
              </value>
            </param>
            <param index="2">
              <value>
                <![CDATA[Las Vegas(LAS)]]>
              </value>
            </param>
            <param index="3">
              <value>
                <![CDATA[FALSE]]>
              </value>
            </param>
            <param index="4">
              <value>
                <![CDATA[11/20]]>
              </value>
            </param>
            <param index="5">
              <value>
                <![CDATA[11/25]]>
              </value>
            </param>
          </params>
          <reporter-output>
          </reporter-output>
        </test-method> <!-- TestSearch -->
        <test-method is-config="true" signature="initiateDriver()[pri:0, instance:com.kayak.AutomationProject.Test_Search@1f59a598]" started-at="2019-08-12T05:27:01Z" name="initiateDriver" finished-at="2019-08-12T05:27:16Z" duration-ms="14820" status="PASS">
          <reporter-output>
          </reporter-output>
        </test-method> <!-- initiateDriver -->
        <test-method signature="TestSearch(java.lang.String, java.lang.String, java.lang.String, java.lang.String, java.lang.String, java.lang.String)[pri:0, instance:com.kayak.AutomationProject.Test_Search@1f59a598]" started-at="2019-08-12T05:27:16Z" name="TestSearch" data-provider="getDataForSearch" finished-at="2019-08-12T05:27:35Z" duration-ms="18817" status="PASS">
          <params>
            <param index="0">
              <value>
                <![CDATA[Las Vegas(LAS)]]>
              </value>
            </param>
            <param index="1">
              <value>
                <![CDATA[FALSE]]>
              </value>
            </param>
            <param index="2">
              <value>
                <![CDATA[San Francisco(SFO)]]>
              </value>
            </param>
            <param index="3">
              <value>
                <![CDATA[FALSE]]>
              </value>
            </param>
            <param index="4">
              <value>
                <![CDATA[10/12]]>
              </value>
            </param>
            <param index="5">
              <value>
                <![CDATA[10/19]]>
              </value>
            </param>
          </params>
          <reporter-output>
          </reporter-output>
        </test-method> <!-- TestSearch -->
        <test-method is-config="true" signature="initiateDriver()[pri:0, instance:com.kayak.AutomationProject.Test_Search@1f59a598]" started-at="2019-08-12T05:27:35Z" name="initiateDriver" finished-at="2019-08-12T05:27:48Z" duration-ms="12909" status="PASS">
          <reporter-output>
          </reporter-output>
        </test-method> <!-- initiateDriver -->
        <test-method signature="TestSearch(java.lang.String, java.lang.String, java.lang.String, java.lang.String, java.lang.String, java.lang.String)[pri:0, instance:com.kayak.AutomationProject.Test_Search@1f59a598]" started-at="2019-08-12T05:27:48Z" name="TestSearch" data-provider="getDataForSearch" finished-at="2019-08-12T05:27:53Z" duration-ms="4883" status="FAIL">
          <params>
            <param index="0">
              <value>
                <![CDATA[Atlanta(ATL)]]>
              </value>
            </param>
            <param index="1">
              <value>
                <![CDATA[TRUE]]>
              </value>
            </param>
            <param index="2">
              <value>
                <![CDATA[CLT]]>
              </value>
            </param>
            <param index="3">
              <value>
                <![CDATA[TRUE]]>
              </value>
            </param>
            <param index="4">
              <value>
                <![CDATA[12/1]]>
              </value>
            </param>
            <param index="5">
              <value>
                <![CDATA[12/15]]>
              </value>
            </param>
          </params>
          <exception class="org.openqa.selenium.NoSuchWindowException">
            <message>
              <![CDATA[no such window: target window already closed
from unknown error: web view not found
  (Session info: chrome=76.0.3809.100)
Build info: version: '3.141.59', revision: 'e82be7d358', time: '2018-11-14T08:17:03'
System info: host: 'LAPTOP-6EHNOHDB', ip: '10.0.0.201', os.name: 'Windows 10', os.arch: 'amd64', os.version: '10.0', java.version: '12.0.2'
Driver info: org.openqa.selenium.chrome.ChromeDriver
Capabilities {acceptInsecureCerts: false, browserName: chrome, browserVersion: 76.0.3809.100, chrome: {chromedriverVersion: 76.0.3809.68 (420c9498db8ce..., userDataDir: C:\Users\walia\AppData\Loca...}, goog:chromeOptions: {debuggerAddress: localhost:59396}, javascriptEnabled: true, networkConnectionEnabled: false, pageLoadStrategy: normal, platform: XP, platformName: XP, proxy: Proxy(), setWindowRect: true, strictFileInteractability: false, timeouts: {implicit: 0, pageLoad: 300000, script: 30000}, unhandledPromptBehavior: dismiss and notify}
Session ID: 674d275d287ff50f5a37cbff6a0f7a16
*** Element info: {Using=xpath, value=//*[@name='origin']}]]>
            </message>
            <full-stacktrace>
              <![CDATA[org.openqa.selenium.NoSuchWindowException: no such window: target window already closed
from unknown error: web view not found
  (Session info: chrome=76.0.3809.100)
Build info: version: '3.141.59', revision: 'e82be7d358', time: '2018-11-14T08:17:03'
System info: host: 'LAPTOP-6EHNOHDB', ip: '10.0.0.201', os.name: 'Windows 10', os.arch: 'amd64', os.version: '10.0', java.version: '12.0.2'
Driver info: org.openqa.selenium.chrome.ChromeDriver
Capabilities {acceptInsecureCerts: false, browserName: chrome, browserVersion: 76.0.3809.100, chrome: {chromedriverVersion: 76.0.3809.68 (420c9498db8ce..., userDataDir: C:\Users\walia\AppData\Loca...}, goog:chromeOptions: {debuggerAddress: localhost:59396}, javascriptEnabled: true, networkConnectionEnabled: false, pageLoadStrategy: normal, platform: XP, platformName: XP, proxy: Proxy(), setWindowRect: true, strictFileInteractability: false, timeouts: {implicit: 0, pageLoad: 300000, script: 30000}, unhandledPromptBehavior: dismiss and notify}
Session ID: 674d275d287ff50f5a37cbff6a0f7a16
*** Element info: {Using=xpath, value=//*[@name='origin']}
at java.base/jdk.internal.reflect.NativeConstructorAccessorImpl.newInstance0(Native Method)
at java.base/jdk.internal.reflect.NativeConstructorAccessorImpl.newInstance(NativeConstructorAccessorImpl.java:62)
at java.base/jdk.internal.reflect.DelegatingConstructorAccessorImpl.newInstance(DelegatingConstructorAccessorImpl.java:45)
at java.base/java.lang.reflect.Constructor.newInstanceWithCaller(Constructor.java:500)
at java.base/java.lang.reflect.Constructor.newInstance(Constructor.java:481)
at org.openqa.selenium.remote.http.W3CHttpResponseCodec.createException(W3CHttpResponseCodec.java:187)
at org.openqa.selenium.remote.http.W3CHttpResponseCodec.decode(W3CHttpResponseCodec.java:122)
at org.openqa.selenium.remote.http.W3CHttpResponseCodec.decode(W3CHttpResponseCodec.java:49)
at org.openqa.selenium.remote.HttpCommandExecutor.execute(HttpCommandExecutor.java:158)
at org.openqa.selenium.remote.service.DriverCommandExecutor.execute(DriverCommandExecutor.java:83)
at org.openqa.selenium.remote.RemoteWebDriver.execute(RemoteWebDriver.java:552)
at org.openqa.selenium.remote.RemoteWebDriver.findElement(RemoteWebDriver.java:323)
at org.openqa.selenium.remote.RemoteWebDriver.findElementByXPath(RemoteWebDriver.java:428)
at org.openqa.selenium.By$ByXPath.findElement(By.java:353)
at org.openqa.selenium.remote.RemoteWebDriver.findElement(RemoteWebDriver.java:315)
at com.kayak.AutomationProject.SearchPage.enterOriginCity(SearchPage.java:54)
at com.kayak.AutomationProject.Test_Search.TestSearch(Test_Search.java:16)
at java.base/jdk.internal.reflect.NativeMethodAccessorImpl.invoke0(Native Method)
at java.base/jdk.internal.reflect.NativeMethodAccessorImpl.invoke(NativeMethodAccessorImpl.java:62)
at java.base/jdk.internal.reflect.DelegatingMethodAccessorImpl.invoke(DelegatingMethodAccessorImpl.java:43)
at java.base/java.lang.reflect.Method.invoke(Method.java:567)
at org.testng.internal.MethodInvocationHelper.invokeMethod(MethodInvocationHelper.java:124)
at org.testng.internal.Invoker.invokeMethod(Invoker.java:583)
at org.testng.internal.Invoker.invokeTestMethod(Invoker.java:719)
at org.testng.internal.Invoker.invokeTestMethods(Invoker.java:989)
at org.testng.internal.TestMethodWorker.invokeTestMethods(TestMethodWorker.java:125)
at org.testng.internal.TestMethodWorker.run(TestMethodWorker.java:109)
at org.testng.TestRunner.privateRun(TestRunner.java:648)
at org.testng.TestRunner.run(TestRunner.java:505)
at org.testng.SuiteRunner.runTest(SuiteRunner.java:455)
at org.testng.SuiteRunner.runSequentially(SuiteRunner.java:450)
at org.testng.SuiteRunner.privateRun(SuiteRunner.java:415)
at org.testng.SuiteRunner.run(SuiteRunner.java:364)
at org.testng.SuiteRunnerWorker.runSuite(SuiteRunnerWorker.java:52)
at org.testng.SuiteRunnerWorker.run(SuiteRunnerWorker.java:84)
at org.testng.TestNG.runSuitesSequentially(TestNG.java:1208)
at org.testng.TestNG.runSuitesLocally(TestNG.java:1137)
at org.testng.TestNG.runSuites(TestNG.java:1049)
at org.testng.TestNG.run(TestNG.java:1017)
at org.testng.remote.AbstractRemoteTestNG.run(AbstractRemoteTestNG.java:115)
at org.testng.remote.RemoteTestNG.initAndRun(RemoteTestNG.java:251)
at org.testng.remote.RemoteTestNG.main(RemoteTestNG.java:77)
]]>
            </full-stacktrace>
          </exception> <!-- org.openqa.selenium.NoSuchWindowException -->
          <reporter-output>
          </reporter-output>
        </test-method> <!-- TestSearch -->
      </class> <!-- com.kayak.AutomationProject.Test_Search -->
    </test> <!-- Default test -->
  </suite> <!-- Default suite -->
</testng-results>
